<?xml version="1.0" encoding="UTF-8"?>
<!-- Generated by org.testng.reporters.JUnitReportReporter -->
<testsuite hostname="LAIMUMLT9002" failures="0" tests="3" name="Library.DynamicJsonDataProvider" time="4.592" errors="0" timestamp="2023-12-01T17:49:01 IST" skipped="0">
  <testcase classname="Library.DynamicJsonDataProvider" name="DeleteBook" time="0.115"/>
  <testcase classname="Library.DynamicJsonDataProvider" name="DeleteBook" time="4.325"/>
  <testcase classname="Library.DynamicJsonDataProvider" name="DeleteBook" time="0.152"/>
</testsuite> <!-- Library.DynamicJsonDataProvider -->
