<?xml version="1.0" encoding="UTF-8"?>
<!-- Generated by org.testng.reporters.JUnitReportReporter -->
<testsuite hostname="LAIMUMLT9002" failures="0" tests="1" name="Library.DynamicJsonFromMethod" time="4.614" errors="0" timestamp="2023-12-01T17:33:10 IST" skipped="0">
  <testcase classname="Library.DynamicJsonFromMethod" name="DeleteBook" time="4.614"/>
</testsuite> <!-- Library.DynamicJsonFromMethod -->
