<?xml version="1.0" encoding="UTF-8"?>
<!-- Generated by org.testng.reporters.JUnitReportReporter -->
<testsuite hostname="LAIMUMLT9002" failures="0" tests="1" name="Library.DynamicJson" time="4.254" errors="0" timestamp="2023-12-01T17:06:35 IST" skipped="0">
  <testcase classname="Library.DynamicJson" name="DeleteBook" time="4.254"/>
</testsuite> <!-- Library.DynamicJson -->
