<?xml version="1.0" encoding="UTF-8"?>
<!-- Generated by org.testng.reporters.JUnitReportReporter -->
<testsuite hostname="LAIMUMLT9002" failures="0" tests="1" name="LibraryExcelDriven.LibraryExcelDataDriven" time="5.833" errors="0" timestamp="2023-12-12T15:24:07 IST" skipped="0">
  <testcase classname="LibraryExcelDriven.LibraryExcelDataDriven" name="Addbooks" time="5.833"/>
</testsuite> <!-- LibraryExcelDriven.LibraryExcelDataDriven -->
